# JRE version: OpenJDK Runtime Environment (17.0.7) (build 17.0.7+0-b2043.56-10550314)
# Java VM: OpenJDK 64-Bit Server VM (17.0.7+0-b2043.56-10550314, mixed mode, tiered, compressed oops, compressed class ptrs, g1 gc, windows-amd64)
GC Precious Log:
 CPUs: 8 total, 8 available
 Memory: 6030M
 Large Page Support: Disabled
 NUMA Support: Disabled
 Compressed Oops: Enabled (Zero based)
 Heap Region Size: 2M
 Heap Min Capacity: 8M
 Heap Initial Capacity: 96M
 Heap Max Capacity: 4G
 Pre-touch: Disabled
 Parallel Workers: 8
 Concurrent Workers: 2
 Concurrent Refinement Workers: 8
 Periodic GC: Disabled
Heap:
 garbage-first heap   total 69632K, used 36233K [0x0000000700000000, 0x0000000800000000)
  region size 2048K, 5 young (10240K), 2 survivors (4096K)
 Metaspace       used 48410K, committed 48832K, reserved 1114112K
  class space    used 6435K, committed 6656K, reserved 1048576K
GC Heap History (20 events):
Event: 6.115 GC heap before
{Heap before GC invocations=2 (full 0):
 garbage-first heap   total 98304K, used 59758K [0x0000000700000000, 0x0000000800000000)
  region size 2048K, 26 young (53248K), 1 survivors (2048K)
 Metaspace       used 21285K, committed 21504K, reserved 1114112K
  class space    used 2586K, committed 2688K, reserved 1048576K
}
Event: 6.123 GC heap after
{Heap after GC invocations=3 (full 0):
 garbage-first heap   total 98304K, used 18106K [0x0000000700000000, 0x0000000800000000)
  region size 2048K, 4 young (8192K), 4 survivors (8192K)
 Metaspace       used 21285K, committed 21504K, reserved 1114112K
  class space    used 2586K, committed 2688K, reserved 1048576K
}
Event: 7.842 GC heap before
{Heap before GC invocations=4 (full 0):
 garbage-first heap   total 69632K, used 48826K [0x0000000700000000, 0x0000000800000000)
  region size 2048K, 20 young (40960K), 4 survivors (8192K)
 Metaspace       used 26650K, committed 26944K, reserved 1114112K
  class space    used 3498K, committed 3648K, reserved 1048576K
}
Event: 7.850 GC heap after
{Heap after GC invocations=5 (full 0):
 garbage-first heap   total 69632K, used 20487K [0x0000000700000000, 0x0000000800000000)
  region size 2048K, 2 young (4096K), 2 survivors (4096K)
 Metaspace       used 26650K, committed 26944K, reserved 1114112K
  class space    used 3498K, committed 3648K, reserved 1048576K
}
Event: 7.970 GC heap before
{Heap before GC invocations=5 (full 0):
 garbage-first heap   total 69632K, used 22535K [0x0000000700000000, 0x0000000800000000)
  region size 2048K, 3 young (6144K), 2 survivors (4096K)
 Metaspace       used 27020K, committed 27328K, reserved 1114112K
  class space    used 3562K, committed 3712K, reserved 1048576K
}
Event: 7.974 GC heap after
{Heap after GC invocations=6 (full 0):
 garbage-first heap   total 69632K, used 20551K [0x0000000700000000, 0x0000000800000000)
  region size 2048K, 1 young (2048K), 1 survivors (2048K)
 Metaspace       used 27020K, committed 27328K, reserved 1114112K
  class space    used 3562K, committed 3712K, reserved 1048576K
}
Event: 9.446 GC heap before
{Heap before GC invocations=6 (full 0):
 garbage-first heap   total 69632K, used 47175K [0x0000000700000000, 0x0000000800000000)
  region size 2048K, 14 young (28672K), 1 survivors (2048K)
 Metaspace       used 30902K, committed 31168K, reserved 1114112K
  class space    used 4189K, committed 4288K, reserved 1048576K
}
Event: 9.449 GC heap after
{Heap after GC invocations=7 (full 0):
 garbage-first heap   total 69632K, used 21509K [0x0000000700000000, 0x0000000800000000)
  region size 2048K, 1 young (2048K), 1 survivors (2048K)
 Metaspace       used 30902K, committed 31168K, reserved 1114112K
  class space    used 4189K, committed 4288K, reserved 1048576K
}
Event: 10.580 GC heap before
{Heap before GC invocations=7 (full 0):
 garbage-first heap   total 69632K, used 37893K [0x0000000700000000, 0x0000000800000000)
  region size 2048K, 11 young (22528K), 1 survivors (2048K)
 Metaspace       used 35663K, committed 35968K, reserved 1114112K
  class space    used 4719K, committed 4864K, reserved 1048576K
}
Event: 10.585 GC heap after
{Heap after GC invocations=8 (full 0):
 garbage-first heap   total 69632K, used 23465K [0x0000000700000000, 0x0000000800000000)
  region size 2048K, 2 young (4096K), 2 survivors (4096K)
 Metaspace       used 35663K, committed 35968K, reserved 1114112K
  class space    used 4719K, committed 4864K, reserved 1048576K
}
Event: 11.379 GC heap before
{Heap before GC invocations=9 (full 0):
 garbage-first heap   total 69632K, used 50089K [0x0000000700000000, 0x0000000800000000)
  region size 2048K, 15 young (30720K), 2 survivors (4096K)
 Metaspace       used 38716K, committed 39104K, reserved 1114112K
  class space    used 5081K, committed 5248K, reserved 1048576K
}
Event: 11.386 GC heap after
{Heap after GC invocations=10 (full 0):
 garbage-first heap   total 69632K, used 26258K [0x0000000700000000, 0x0000000800000000)
  region size 2048K, 2 young (4096K), 2 survivors (4096K)
 Metaspace       used 38716K, committed 39104K, reserved 1114112K
  class space    used 5081K, committed 5248K, reserved 1048576K
}
Event: 12.143 GC heap before
{Heap before GC invocations=10 (full 0):
 garbage-first heap   total 69632K, used 50834K [0x0000000700000000, 0x0000000800000000)
  region size 2048K, 14 young (28672K), 2 survivors (4096K)
 Metaspace       used 41253K, committed 41664K, reserved 1114112K
  class space    used 5348K, committed 5504K, reserved 1048576K
}
Event: 12.149 GC heap after
{Heap after GC invocations=11 (full 0):
 garbage-first heap   total 69632K, used 28537K [0x0000000700000000, 0x0000000800000000)
  region size 2048K, 2 young (4096K), 2 survivors (4096K)
 Metaspace       used 41253K, committed 41664K, reserved 1114112K
  class space    used 5348K, committed 5504K, reserved 1048576K
}
Event: 12.980 GC heap before
{Heap before GC invocations=11 (full 0):
 garbage-first heap   total 69632K, used 51065K [0x0000000700000000, 0x0000000800000000)
  region size 2048K, 13 young (26624K), 2 survivors (4096K)
 Metaspace       used 42714K, committed 43136K, reserved 1114112K
  class space    used 5597K, committed 5824K, reserved 1048576K
}
Event: 12.984 GC heap after
{Heap after GC invocations=12 (full 0):
 garbage-first heap   total 69632K, used 29708K [0x0000000700000000, 0x0000000800000000)
  region size 2048K, 2 young (4096K), 2 survivors (4096K)
 Metaspace       used 42714K, committed 43136K, reserved 1114112K
  class space    used 5597K, committed 5824K, reserved 1048576K
}
Event: 13.824 GC heap before
{Heap before GC invocations=12 (full 0):
 garbage-first heap   total 69632K, used 52236K [0x0000000700000000, 0x0000000800000000)
  region size 2048K, 13 young (26624K), 2 survivors (4096K)
 Metaspace       used 45125K, committed 45568K, reserved 1114112K
  class space    used 5889K, committed 6080K, reserved 1048576K
}
Event: 13.828 GC heap after
{Heap after GC invocations=13 (full 0):
 garbage-first heap   total 69632K, used 30797K [0x0000000700000000, 0x0000000800000000)
  region size 2048K, 2 young (4096K), 2 survivors (4096K)
 Metaspace       used 45125K, committed 45568K, reserved 1114112K
  class space    used 5889K, committed 6080K, reserved 1048576K
}
Event: 15.043 GC heap before
{Heap before GC invocations=13 (full 0):
 garbage-first heap   total 69632K, used 53325K [0x0000000700000000, 0x0000000800000000)
  region size 2048K, 13 young (26624K), 2 survivors (4096K)
 Metaspace       used 47837K, committed 48256K, reserved 1114112K
  class space    used 6337K, committed 6528K, reserved 1048576K
}
Event: 15.049 GC heap after
{Heap after GC invocations=14 (full 0):
 garbage-first heap   total 69632K, used 32137K [0x0000000700000000, 0x0000000800000000)
  region size 2048K, 2 young (4096K), 2 survivors (4096K)
 Metaspace       used 47837K, committed 48256K, reserved 1114112K
  class space    used 6337K, committed 6528K, reserved 1048576K
}

